# deepy version: 0.1.7
[2016/03/09 14:07:16] test    (iter=1) J=38152.50 err=89.80
[2016/03/09 14:07:25] valid   (iter=1) J=36126.05 err=89.35 *
[2016/03/09 14:13:08] monitor (iter=1) J=0.07 err=12.00
[2016/03/09 14:13:18] valid   (iter=2) J=0.04 err=3.84 *
[2016/03/09 14:18:41] monitor (iter=2) J=0.03 err=3.00
[2016/03/09 14:18:50] valid   (iter=3) J=0.02 err=2.92 *
[2016/03/09 14:24:25] monitor (iter=3) J=0.02 err=4.00
[2016/03/09 14:24:35] valid   (iter=4) J=0.02 err=2.82 *
[2016/03/09 14:30:00] monitor (iter=4) J=0.03 err=3.00
[2016/03/09 14:30:09] valid   (iter=5) J=0.02 err=2.25 *
[2016/03/09 14:36:00] monitor (iter=5) J=0.04 err=3.00
[2016/03/09 14:36:11] valid   (iter=6) J=0.02 err=2.34
[2016/03/09 14:41:36] monitor (iter=6) J=0.02 err=3.00
[2016/03/09 14:41:47] valid   (iter=7) J=0.02 err=2.32 *
[2016/03/09 14:47:53] monitor (iter=7) J=0.03 err=3.00
[2016/03/09 14:48:03] valid   (iter=8) J=0.02 err=2.15 *
[2016/03/09 14:53:25] monitor (iter=8) J=0.02 err=4.00
[2016/03/09 14:53:35] valid   (iter=9) J=0.02 err=2.12
[2016/03/09 14:59:06] monitor (iter=9) J=0.02 err=4.00
[2016/03/09 14:59:18] valid   (iter=10) J=0.02 err=2.04 *
[2016/03/09 15:05:09] monitor (iter=10) J=0.01 err=1.00
[2016/03/09 15:05:18] test    (iter=11) J=0.02 err=1.82
[2016/03/09 15:05:28] valid   (iter=11) J=0.02 err=1.81
[2016/03/09 15:11:23] monitor (iter=11) J=0.01 err=1.00
[2016/03/09 15:11:34] valid   (iter=12) J=0.02 err=1.76 *
[2016/03/09 15:17:10] monitor (iter=12) J=0.02 err=2.00
[2016/03/09 15:17:21] valid   (iter=13) J=0.02 err=1.99
[2016/03/09 15:23:24] monitor (iter=13) J=0.01 err=0.00
[2016/03/09 15:23:33] valid   (iter=14) J=0.02 err=1.70
[2016/03/09 15:29:02] monitor (iter=14) J=0.00 err=0.00
[2016/03/09 15:29:11] valid   (iter=15) J=0.02 err=1.71
[2016/03/09 15:34:29] monitor (iter=15) J=0.01 err=0.00
[2016/03/09 15:34:39] valid   (iter=16) J=0.02 err=2.01 *
[2016/03/09 15:40:08] monitor (iter=16) J=0.01 err=1.00
[2016/03/09 15:40:17] valid   (iter=17) J=0.01 err=1.58 *
[2016/03/09 15:45:52] monitor (iter=17) J=0.02 err=4.00
[2016/03/09 15:46:03] valid   (iter=18) J=0.02 err=1.58
[2016/03/09 15:51:03] monitor (iter=18) J=0.01 err=0.00
[2016/03/09 15:51:09] valid   (iter=19) J=0.02 err=1.52
[2016/03/09 15:54:16] monitor (iter=19) J=0.01 err=1.00
[2016/03/09 15:54:21] valid   (iter=20) J=0.02 err=1.56
[2016/03/09 15:57:20] monitor (iter=20) J=0.00 err=0.00
[2016/03/09 15:57:26] test    (iter=21) J=0.01 err=1.57
[2016/03/09 15:57:31] valid   (iter=21) J=0.01 err=1.66
[2016/03/09 16:00:31] monitor (iter=21) J=0.00 err=0.00
[2016/03/09 16:00:36] valid   (iter=22) J=0.01 err=1.45 *
[2016/03/09 16:03:36] monitor (iter=22) J=0.00 err=1.00
[2016/03/09 16:03:41] valid   (iter=23) J=0.01 err=1.30 *
[2016/03/09 16:06:41] monitor (iter=23) J=0.00 err=0.00
[2016/03/09 16:06:46] valid   (iter=24) J=0.01 err=1.35
[2016/03/09 16:09:46] monitor (iter=24) J=0.01 err=1.00
[2016/03/09 16:09:51] valid   (iter=25) J=0.02 err=1.46
[2016/03/09 16:12:51] monitor (iter=25) J=0.01 err=1.00
[2016/03/09 16:12:56] valid   (iter=26) J=0.01 err=1.29
[2016/03/09 16:15:56] monitor (iter=26) J=0.00 err=0.00
[2016/03/09 16:16:01] valid   (iter=27) J=0.01 err=1.39 *
[2016/03/09 16:19:01] monitor (iter=27) J=0.00 err=0.00
[2016/03/09 16:19:06] valid   (iter=28) J=0.01 err=1.38
[2016/03/09 16:22:06] monitor (iter=28) J=0.00 err=0.00
[2016/03/09 16:22:11] valid   (iter=29) J=0.01 err=1.26
[2016/03/09 16:25:11] monitor (iter=29) J=0.00 err=1.00
[2016/03/09 16:25:16] valid   (iter=30) J=0.01 err=1.30
[2016/03/09 16:28:15] monitor (iter=30) J=0.01 err=2.00
[2016/03/09 16:28:20] test    (iter=31) J=0.01 err=1.43
[2016/03/09 16:28:25] valid   (iter=31) J=0.01 err=1.38 *
[2016/03/09 16:31:25] monitor (iter=31) J=0.00 err=1.00
[2016/03/09 16:31:30] valid   (iter=32) J=0.01 err=1.31
[2016/03/09 16:34:30] monitor (iter=32) J=0.00 err=0.00
[2016/03/09 16:34:35] valid   (iter=33) J=0.01 err=1.31
[2016/03/09 16:37:35] monitor (iter=33) J=0.00 err=0.00
[2016/03/09 16:37:40] valid   (iter=34) J=0.01 err=1.32
[2016/03/09 16:40:40] monitor (iter=34) J=0.00 err=0.00
[2016/03/09 16:40:45] valid   (iter=35) J=0.01 err=1.33
[2016/03/09 16:43:45] monitor (iter=35) J=0.00 err=0.00
[2016/03/09 16:43:50] valid   (iter=36) J=0.01 err=1.28
[2016/03/09 16:46:50] monitor (iter=36) J=0.00 err=0.00
[2016/03/09 16:46:55] valid   (iter=37) J=0.01 err=1.32
[2016/03/09 16:49:54] monitor (iter=37) J=0.00 err=0.00
[2016/03/09 16:50:00] valid   (iter=38) J=0.01 err=1.34
[2016/03/09 16:53:00] monitor (iter=38) J=0.01 err=1.00
[2016/03/09 16:53:05] valid   (iter=39) J=0.01 err=1.30 *
[2016/03/09 16:56:05] monitor (iter=39) J=0.00 err=0.00
[2016/03/09 16:56:10] valid   (iter=40) J=0.01 err=1.36
[2016/03/09 16:59:10] monitor (iter=40) J=0.00 err=0.00
[2016/03/09 16:59:15] test    (iter=41) J=0.01 err=1.23
[2016/03/09 16:59:20] valid   (iter=41) J=0.01 err=1.33
[2016/03/09 17:02:20] monitor (iter=41) J=0.00 err=0.00
[2016/03/09 17:02:25] valid   (iter=42) J=0.01 err=1.34
[2016/03/09 17:05:25] monitor (iter=42) J=0.00 err=0.00
[2016/03/09 17:05:30] valid   (iter=43) J=0.01 err=1.31
[2016/03/09 17:08:30] monitor (iter=43) J=0.00 err=1.00
[2016/03/09 17:08:35] valid   (iter=44) J=0.01 err=1.33
[2016/03/09 17:11:35] monitor (iter=44) J=0.01 err=1.00
[2016/03/09 17:11:40] valid   (iter=45) J=0.01 err=1.32
[2016/03/09 17:14:40] monitor (iter=45) J=0.01 err=1.00
[2016/03/09 17:14:45] valid   (iter=46) J=0.01 err=1.30
[2016/03/09 17:17:45] monitor (iter=46) J=0.00 err=0.00
[2016/03/09 17:17:50] valid   (iter=47) J=0.01 err=1.32
[2016/03/09 17:20:47] monitor (iter=47) J=0.00 err=0.00
[2016/03/09 17:20:53] valid   (iter=48) J=0.01 err=1.34 *
[2016/03/09 17:23:48] monitor (iter=48) J=0.00 err=0.00
[2016/03/09 17:23:53] valid   (iter=49) J=0.01 err=1.33
[2016/03/09 17:26:47] monitor (iter=49) J=0.00 err=0.00
[2016/03/09 17:26:52] valid   (iter=50) J=0.01 err=1.34
[2016/03/09 17:29:46] monitor (iter=50) J=0.00 err=0.00
[2016/03/09 17:29:51] test    (iter=51) J=0.01 err=1.21
[2016/03/09 17:29:56] valid   (iter=51) J=0.01 err=1.30
[2016/03/09 17:32:50] monitor (iter=51) J=0.00 err=0.00
[2016/03/09 17:32:55] valid   (iter=52) J=0.01 err=1.33
[2016/03/09 17:35:49] monitor (iter=52) J=0.01 err=1.00
[2016/03/09 17:35:54] valid   (iter=53) J=0.01 err=1.31
[2016/03/09 17:38:49] monitor (iter=53) J=0.00 err=0.00
[2016/03/09 17:38:54] valid   (iter=54) J=0.01 err=1.34
[2016/03/09 17:41:48] monitor (iter=54) J=0.00 err=0.00
[2016/03/09 17:41:53] valid   (iter=55) J=0.01 err=1.31
[2016/03/09 17:44:47] monitor (iter=55) J=0.00 err=1.00
[2016/03/09 17:44:52] valid   (iter=56) J=0.01 err=1.32
[2016/03/09 17:47:45] monitor (iter=56) J=0.00 err=0.00
[2016/03/09 17:47:51] valid   (iter=57) J=0.01 err=1.32
[2016/03/09 17:50:47] monitor (iter=57) J=0.00 err=0.00
[2016/03/09 17:50:52] valid   (iter=58) J=0.01 err=1.32
[2016/03/09 17:53:49] monitor (iter=58) J=0.00 err=0.00
[2016/03/09 17:53:54] valid   (iter=59) J=0.01 err=1.34
[2016/03/09 17:56:51] monitor (iter=59) J=0.00 err=0.00
[2016/03/09 17:56:56] valid   (iter=60) J=0.01 err=1.33
[2016/03/09 17:59:52] monitor (iter=60) J=0.01 err=1.00
[2016/03/09 17:59:57] test    (iter=61) J=0.01 err=1.22
[2016/03/09 18:00:03] valid   (iter=61) J=0.01 err=1.31
[2016/03/09 18:02:59] monitor (iter=61) J=0.00 err=0.00
[2016/03/09 18:03:04] valid   (iter=62) J=0.01 err=1.32
[2016/03/09 18:06:00] monitor (iter=62) J=0.00 err=0.00
[2016/03/09 18:06:05] valid   (iter=63) J=0.01 err=1.35
[2016/03/09 18:09:02] monitor (iter=63) J=0.00 err=0.00
[2016/03/09 18:09:07] valid   (iter=64) J=0.01 err=1.33
[2016/03/09 18:12:02] monitor (iter=64) J=0.00 err=0.00
[2016/03/09 18:12:07] valid   (iter=65) J=0.01 err=1.33
[2016/03/09 18:15:02] monitor (iter=65) J=0.00 err=0.00
[2016/03/09 18:15:07] valid   (iter=66) J=0.01 err=1.34
[2016/03/09 18:18:03] monitor (iter=66) J=0.00 err=1.00
[2016/03/09 18:18:08] valid   (iter=67) J=0.01 err=1.35
[2016/03/09 18:21:03] monitor (iter=67) J=0.00 err=0.00
[2016/03/09 18:21:08] valid   (iter=68) J=0.01 err=1.33
[2016/03/09 18:21:13] test    (iter=0) J=0.01 err=1.17
[2016/03/09 18:21:19] test    (iter=0) J=0.01 err=1.17
