# deepy version: 0.1.7
[2016/03/09 11:46:43] test    (iter=1) J=395314171084.80 err=88.18
[2016/03/09 11:46:48] valid   (iter=1) J=401897281781.76 err=88.36 *
[2016/03/09 11:50:23] monitor (iter=1) J=0.06 err=9.00
[2016/03/09 11:50:30] valid   (iter=2) J=0.03 err=3.81 *
[2016/03/09 11:54:07] monitor (iter=2) J=0.06 err=6.00
[2016/03/09 11:54:13] valid   (iter=3) J=0.02 err=2.81 *
[2016/03/09 11:57:55] monitor (iter=3) J=0.02 err=2.00
[2016/03/09 11:58:04] valid   (iter=4) J=0.02 err=2.51 *
[2016/03/09 12:02:13] monitor (iter=4) J=0.02 err=3.00
[2016/03/09 12:02:20] valid   (iter=5) J=0.02 err=2.33 *
[2016/03/09 12:05:52] monitor (iter=5) J=0.03 err=3.00
[2016/03/09 12:05:59] valid   (iter=6) J=0.02 err=2.20 *
[2016/03/09 12:09:34] monitor (iter=6) J=0.02 err=2.00
[2016/03/09 12:09:41] valid   (iter=7) J=0.02 err=2.17 *
[2016/03/09 12:13:14] monitor (iter=7) J=0.03 err=4.00
[2016/03/09 12:13:21] valid   (iter=8) J=0.02 err=1.97 *
[2016/03/09 12:16:56] monitor (iter=8) J=0.02 err=3.00
[2016/03/09 12:17:02] valid   (iter=9) J=0.02 err=2.02
[2016/03/09 12:20:43] monitor (iter=9) J=0.01 err=1.00
[2016/03/09 12:20:53] valid   (iter=10) J=0.02 err=1.70 *
[2016/03/09 12:25:04] monitor (iter=10) J=0.01 err=2.00
[2016/03/09 12:25:11] test    (iter=11) J=0.01 err=1.78
[2016/03/09 12:25:19] valid   (iter=11) J=0.01 err=1.84 *
[2016/03/09 12:28:49] monitor (iter=11) J=0.01 err=0.00
[2016/03/09 12:28:56] valid   (iter=12) J=0.02 err=1.74
[2016/03/09 12:32:31] monitor (iter=12) J=0.02 err=3.00
[2016/03/09 12:32:38] valid   (iter=13) J=0.02 err=1.67
[2016/03/09 12:36:12] monitor (iter=13) J=0.00 err=0.00
[2016/03/09 12:36:18] valid   (iter=14) J=0.02 err=1.64
[2016/03/09 12:39:54] monitor (iter=14) J=0.01 err=1.00
[2016/03/09 12:40:02] valid   (iter=15) J=0.02 err=2.16
[2016/03/09 12:44:02] monitor (iter=15) J=0.01 err=1.00
[2016/03/09 12:44:12] valid   (iter=16) J=0.01 err=1.55 *
[2016/03/09 12:48:05] monitor (iter=16) J=0.01 err=1.00
[2016/03/09 12:48:12] valid   (iter=17) J=0.01 err=1.37 *
[2016/03/09 12:51:40] monitor (iter=17) J=0.03 err=4.00
[2016/03/09 12:51:47] valid   (iter=18) J=0.01 err=1.60
[2016/03/09 12:55:19] monitor (iter=18) J=0.00 err=0.00
[2016/03/09 12:55:26] valid   (iter=19) J=0.02 err=1.51
[2016/03/09 12:58:58] monitor (iter=19) J=0.00 err=1.00
[2016/03/09 12:59:05] valid   (iter=20) J=0.01 err=1.55
[2016/03/09 13:02:50] monitor (iter=20) J=0.00 err=1.00
[2016/03/09 13:02:58] test    (iter=21) J=0.01 err=1.43
[2016/03/09 13:03:05] valid   (iter=21) J=0.01 err=1.66
[2016/03/09 13:07:04] monitor (iter=21) J=0.00 err=0.00
[2016/03/09 13:07:12] valid   (iter=22) J=0.01 err=1.53
[2016/03/09 13:10:57] monitor (iter=22) J=0.01 err=3.00
[2016/03/09 13:11:04] valid   (iter=23) J=0.01 err=1.31 *
[2016/03/09 13:14:32] monitor (iter=23) J=0.00 err=0.00
[2016/03/09 13:14:39] valid   (iter=24) J=0.01 err=1.34
[2016/03/09 13:18:14] monitor (iter=24) J=0.01 err=2.00
[2016/03/09 13:18:21] valid   (iter=25) J=0.01 err=1.31
[2016/03/09 13:21:53] monitor (iter=25) J=0.00 err=1.00
[2016/03/09 13:21:59] valid   (iter=26) J=0.01 err=1.29
[2016/03/09 13:25:30] monitor (iter=26) J=0.01 err=2.00
[2016/03/09 13:25:37] valid   (iter=27) J=0.01 err=1.39 *
[2016/03/09 13:29:41] monitor (iter=27) J=0.00 err=0.00
[2016/03/09 13:29:50] valid   (iter=28) J=0.01 err=1.33
[2016/03/09 13:33:34] monitor (iter=28) J=0.00 err=0.00
[2016/03/09 13:33:40] valid   (iter=29) J=0.01 err=1.31
[2016/03/09 13:37:10] monitor (iter=29) J=0.00 err=1.00
[2016/03/09 13:37:16] valid   (iter=30) J=0.01 err=1.35
[2016/03/09 13:40:50] monitor (iter=30) J=0.01 err=1.00
[2016/03/09 13:40:58] test    (iter=31) J=0.01 err=1.38
[2016/03/09 13:41:04] valid   (iter=31) J=0.01 err=1.32 *
[2016/03/09 13:44:36] monitor (iter=31) J=0.01 err=2.00
[2016/03/09 13:44:43] valid   (iter=32) J=0.01 err=1.29
[2016/03/09 13:48:12] monitor (iter=32) J=0.00 err=1.00
[2016/03/09 13:48:19] valid   (iter=33) J=0.01 err=1.36
[2016/03/09 13:52:24] monitor (iter=33) J=0.00 err=0.00
[2016/03/09 13:52:32] valid   (iter=34) J=0.01 err=1.35
[2016/03/09 13:56:05] monitor (iter=34) J=0.00 err=1.00
[2016/03/09 13:56:12] valid   (iter=35) J=0.01 err=1.31 *
[2016/03/09 13:59:43] monitor (iter=35) J=0.01 err=1.00
[2016/03/09 13:59:50] valid   (iter=36) J=0.01 err=1.37
[2016/03/09 14:03:30] monitor (iter=36) J=0.00 err=0.00
[2016/03/09 14:03:37] valid   (iter=37) J=0.01 err=1.35
[2016/03/09 14:07:25] monitor (iter=37) J=0.00 err=0.00
[2016/03/09 14:07:40] valid   (iter=38) J=0.01 err=1.33
[2016/03/09 14:13:49] monitor (iter=38) J=0.01 err=1.00
[2016/03/09 14:13:59] valid   (iter=39) J=0.01 err=1.34
[2016/03/09 14:19:36] monitor (iter=39) J=0.00 err=1.00
[2016/03/09 14:19:45] valid   (iter=40) J=0.01 err=1.36
[2016/03/09 14:25:44] monitor (iter=40) J=0.00 err=0.00
[2016/03/09 14:25:56] test    (iter=41) J=0.01 err=1.33
[2016/03/09 14:26:07] valid   (iter=41) J=0.01 err=1.36
[2016/03/09 14:31:34] monitor (iter=41) J=0.00 err=0.00
[2016/03/09 14:31:46] valid   (iter=42) J=0.01 err=1.29
[2016/03/09 14:37:30] monitor (iter=42) J=0.01 err=1.00
[2016/03/09 14:37:40] valid   (iter=43) J=0.01 err=1.32
[2016/03/09 14:43:21] monitor (iter=43) J=0.00 err=0.00
[2016/03/09 14:43:32] valid   (iter=44) J=0.01 err=1.37
[2016/03/09 14:49:53] monitor (iter=44) J=0.00 err=1.00
[2016/03/09 14:50:04] valid   (iter=45) J=0.01 err=1.27
[2016/03/09 14:55:42] monitor (iter=45) J=0.01 err=1.00
[2016/03/09 14:55:54] valid   (iter=46) J=0.01 err=1.28
[2016/03/09 15:01:49] monitor (iter=46) J=0.00 err=0.00
[2016/03/09 15:01:58] valid   (iter=47) J=0.01 err=1.31
[2016/03/09 15:08:42] monitor (iter=47) J=0.00 err=0.00
[2016/03/09 15:08:53] valid   (iter=48) J=0.01 err=1.28
[2016/03/09 15:14:27] monitor (iter=48) J=0.00 err=0.00
[2016/03/09 15:14:38] valid   (iter=49) J=0.01 err=1.32
[2016/03/09 15:20:29] monitor (iter=49) J=0.01 err=1.00
[2016/03/09 15:20:40] valid   (iter=50) J=0.01 err=1.31
[2016/03/09 15:27:00] monitor (iter=50) J=0.01 err=1.00
[2016/03/09 15:27:11] test    (iter=51) J=0.01 err=1.36
[2016/03/09 15:27:23] valid   (iter=51) J=0.01 err=1.31
[2016/03/09 15:33:01] monitor (iter=51) J=0.01 err=3.00
[2016/03/09 15:33:12] valid   (iter=52) J=0.01 err=1.28
[2016/03/09 15:38:56] monitor (iter=52) J=0.01 err=2.00
[2016/03/09 15:39:06] valid   (iter=53) J=0.01 err=1.32
[2016/03/09 15:44:29] monitor (iter=53) J=0.01 err=0.00
[2016/03/09 15:44:39] valid   (iter=54) J=0.01 err=1.31
[2016/03/09 15:50:18] monitor (iter=54) J=0.00 err=0.00
[2016/03/09 15:50:28] valid   (iter=55) J=0.01 err=1.32
[2016/03/09 15:50:39] test    (iter=0) J=0.01 err=1.36
[2016/03/09 15:50:48] test    (iter=0) J=0.01 err=1.36
